<?xml version="1.0" encoding="UTF-8"?>
<!-- Generated by org.testng.reporters.JUnitXMLReporter -->
<testsuite hostname="BaharUddin" name="reservedFlight" tests="9" failures="0" timestamp="27 Jan 2017 09:10:56 GMT" time="33.22" errors="0">
  <testcase name="checkTitle" time="16.14" classname="com.bahar.automation.test.HomeTest"/>
  <testcase name="checkMenu" time="0.676" classname="com.bahar.automation.test.HomeTest"/>
  <testcase name="checkLogin" time="3.068" classname="com.bahar.automation.test.HomeTest"/>
  <testcase name="checkTitle" time="3.433" classname="com.bahar.automation.test.FindFlightTest"/>
  <testcase name="checkFlightDetails" time="1.71" classname="com.bahar.automation.test.FindFlightTest"/>
  <testcase name="checkTitle" time="0.972" classname="com.bahar.automation.test.SelectFlightTest"/>
  <testcase name="selectFlightDetails" time="0.196" classname="com.bahar.automation.test.SelectFlightTest"/>
  <testcase name="checkTitle" time="0.941" classname="com.bahar.automation.test.BookFlightTest"/>
  <testcase name="checkBookFlightDetails" time="4.065" classname="com.bahar.automation.test.BookFlightTest"/>
</testsuite> <!-- reservedFlight -->
