<?xml version="1.0" encoding="UTF-8"?>
<testng-results skipped="0" failed="0" total="9" passed="9">
  <reporter-output>
  </reporter-output>
  <suite name="Suite1" duration-ms="33220" started-at="2017-01-27T09:10:22Z" finished-at="2017-01-27T09:10:56Z">
    <groups>
    </groups>
    <test name="reservedFlight" duration-ms="33220" started-at="2017-01-27T09:10:22Z" finished-at="2017-01-27T09:10:56Z">
      <class name="com.bahar.automation.test.FindFlightTest">
        <test-method status="PASS" signature="checkTitle()[pri:0, instance:com.bahar.automation.test.FindFlightTest@14acaea5]" name="checkTitle" duration-ms="3433" started-at="2017-01-27T15:10:44Z" finished-at="2017-01-27T15:10:47Z">
          <reporter-output>
          </reporter-output>
        </test-method> <!-- checkTitle -->
        <test-method status="PASS" signature="checkFlightDetails()[pri:0, instance:com.bahar.automation.test.FindFlightTest@14acaea5]" name="checkFlightDetails" duration-ms="1710" started-at="2017-01-27T15:10:47Z" finished-at="2017-01-27T15:10:49Z">
          <reporter-output>
          </reporter-output>
        </test-method> <!-- checkFlightDetails -->
      </class> <!-- com.bahar.automation.test.FindFlightTest -->
      <class name="com.bahar.automation.test.SelectFlightTest">
        <test-method status="PASS" signature="checkTitle()[pri:0, instance:com.bahar.automation.test.SelectFlightTest@28d25987]" name="checkTitle" duration-ms="972" started-at="2017-01-27T15:10:49Z" finished-at="2017-01-27T15:10:50Z">
          <reporter-output>
          </reporter-output>
        </test-method> <!-- checkTitle -->
        <test-method status="PASS" signature="selectFlightDetails()[pri:0, instance:com.bahar.automation.test.SelectFlightTest@28d25987]" name="selectFlightDetails" duration-ms="196" started-at="2017-01-27T15:10:50Z" finished-at="2017-01-27T15:10:50Z">
          <reporter-output>
          </reporter-output>
        </test-method> <!-- selectFlightDetails -->
      </class> <!-- com.bahar.automation.test.SelectFlightTest -->
      <class name="com.bahar.automation.test.HomeTest">
        <test-method status="PASS" signature="checkTitle()[pri:0, instance:com.bahar.automation.test.HomeTest@5c7fa833]" name="checkTitle" duration-ms="16140" started-at="2017-01-27T15:10:22Z" finished-at="2017-01-27T15:10:38Z">
          <reporter-output>
          </reporter-output>
        </test-method> <!-- checkTitle -->
        <test-method status="PASS" signature="checkMenu()[pri:0, instance:com.bahar.automation.test.HomeTest@5c7fa833]" name="checkMenu" duration-ms="676" started-at="2017-01-27T15:10:38Z" finished-at="2017-01-27T15:10:39Z">
          <reporter-output>
          </reporter-output>
        </test-method> <!-- checkMenu -->
        <test-method status="PASS" signature="checkLogin(java.util.List)[pri:0, instance:com.bahar.automation.test.HomeTest@5c7fa833]" name="checkLogin" duration-ms="3068" started-at="2017-01-27T15:10:41Z" data-provider="loginData" finished-at="2017-01-27T15:10:44Z">
          <params>
            <param index="0">
              <value>
                <![CDATA[[Login [userName=demo, password=demo]]]]>
              </value>
            </param>
          </params>
          <reporter-output>
          </reporter-output>
        </test-method> <!-- checkLogin -->
      </class> <!-- com.bahar.automation.test.HomeTest -->
      <class name="com.bahar.automation.test.BookFlightTest">
        <test-method status="PASS" signature="checkTitle()[pri:0, instance:com.bahar.automation.test.BookFlightTest@59fa1d9b]" name="checkTitle" duration-ms="941" started-at="2017-01-27T15:10:50Z" finished-at="2017-01-27T15:10:51Z">
          <reporter-output>
          </reporter-output>
        </test-method> <!-- checkTitle -->
        <test-method status="PASS" signature="checkBookFlightDetails(java.util.List)[pri:0, instance:com.bahar.automation.test.BookFlightTest@59fa1d9b]" name="checkBookFlightDetails" duration-ms="4065" started-at="2017-01-27T15:10:51Z" data-provider="passengerData" finished-at="2017-01-27T15:10:56Z">
          <params>
            <param index="0">
              <value>
                <![CDATA[[Passenger [firstName=ruhan, lastName=uddin, meal=null, card=CreditCard [cardType=null, number=1.23456789E8, expirationMonth=null, expirationYear=null, firstName=ruhan, middleName=uddin, lastName=rahim], billingAddress=Address [address=1325 Dhaka, city=Dhaka, state=New York, postalCode=P4370, country=null], deliveryAddress=Address [address=1325 Chittagong, city=CTG, state=Dubai, postalCode=P4370, country=null]]]]]>
              </value>
            </param>
          </params>
          <reporter-output>
          </reporter-output>
        </test-method> <!-- checkBookFlightDetails -->
      </class> <!-- com.bahar.automation.test.BookFlightTest -->
    </test> <!-- reservedFlight -->
  </suite> <!-- Suite1 -->
</testng-results>
